<?xml version="1.0" encoding="UTF-8"?>
<!-- Generated by org.testng.reporters.JUnitXMLReporter -->
<testsuite ignored="0" hostname="DESKTOP-V3061FL" failures="0" tests="4" name="Default test" time="147.601" errors="0" timestamp="2024-03-28T13:44:30 IST">
  <testcase classname="test.TC002_SignupPageTest" name="signup" time="36.152"/>
  <testcase classname="test.TC002_SignupPageTest" name="signup" time="21.817"/>
  <testcase classname="test.TC002_SignupPageTest" name="signup" time="30.078"/>
  <testcase classname="test.TC002_SignupPageTest" name="signup" time="30.096"/>
</testsuite> <!-- Default test -->
