<?xml version="1.0" encoding="UTF-8"?>
<testsuite xmlns:xsi="http://www.w3.org/2001/XMLSchema-instance" xsi:noNamespaceSchemaLocation="https://maven.apache.org/surefire/maven-surefire-plugin/xsd/surefire-test-report-3.0.xsd" version="3.0" name="TestSuite" time="578.57" tests="12" errors="0" skipped="0" failures="2">
  <properties>
[...]
</properties>
  <testcase name="logintest[anburose159@gmail.com, \&quot;Ten+one=11\&quot;](1)" classname="test.TC001_LoginTest" time="22.252">
    <system-err><![CDATA[SLF4J(W): No SLF4J providers were found.
SLF4J(W): Defaulting to no-operation (NOP) logger implementation
SLF4J(W): See https://www.slf4j.org/codes.html#noProviders for further details.
ERROR StatusLogger Log4j2 could not find a logging implementation. Please add log4j-core to the classpath. Using SimpleLogger to log to the console...
Mar 28, 2024 3:09:57 PM org.openqa.selenium.devtools.CdpVersionFinder findNearestMatch
WARNING: Unable to find an exact match for CDP version 123, returning the closest version; found: 121; Please update to a Selenium version that supports CDP version 123
]]></system-err>
  </testcase>
  <testcase name="logintest[anbu159@gmail.com, Ten+one=11](2)" classname="test.TC001_LoginTest" time="18.587">
    <system-err><![CDATA[Mar 28, 2024 3:10:23 PM org.openqa.selenium.devtools.CdpVersionFinder findNearestMatch
WARNING: Unable to find an exact match for CDP version 123, returning the closest version; found: 121; Please update to a Selenium version that supports CDP version 123
]]></system-err>
  </testcase>
  <testcase name="logintest[anburose159gmail.com, \&quot;Ten+one=11\&quot;](3)" classname="test.TC001_LoginTest" time="19.749">
    <system-err><![CDATA[Mar 28, 2024 3:10:51 PM org.openqa.selenium.devtools.CdpVersionFinder findNearestMatch
WARNING: Unable to find an exact match for CDP version 123, returning the closest version; found: 121; Please update to a Selenium version that supports CDP version 123
]]></system-err>
  </testcase>
  <testcase name="logintest[anburose15@gmail.com, \&quot;Tenone=11\&quot;](4)" classname="test.TC001_LoginTest" time="32.638">
    <system-err><![CDATA[Mar 28, 2024 3:11:16 PM org.openqa.selenium.devtools.CdpVersionFinder findNearestMatch
WARNING: Unable to find an exact match for CDP version 123, returning the closest version; found: 121; Please update to a Selenium version that supports CDP version 123
]]></system-err>
  </testcase>
  <testcase name="signup[Anbu, Rose, anburose159@gmail.com, &amp;quot;Ten+one=11&amp;quot;, &amp;quot;Ten+one=11&amp;quot;, 9043282956](1)" classname="test.TC002_SignupPageTest" time="14.085">
    <failure message="element click intercepted: Element &lt;a href=&quot;/identity/global/createAccount&quot; data-track=&quot;Notification:...&quot;&gt;Create Account&lt;/a&gt; is not clickable at point (971, 408). Other element would receive the click: &lt;div id=&quot;survey_blue_border&quot; class=&quot;modal-dialog modal-custom&quot;&gt;...&lt;/div&gt;&#10;  (Session info: chrome=123.0.6312.86)&#10;Build info: version: &apos;4.17.0&apos;, revision: &apos;e52b1be057*&apos;&#10;System info: os.name: &apos;Windows 10&apos;, os.arch: &apos;amd64&apos;, os.version: &apos;10.0&apos;, java.version: &apos;17.0.9&apos;&#10;Driver info: org.openqa.selenium.chrome.ChromeDriver&#10;Command: [b65809d962c0f9992fb31caf3cdac315, clickElement {id=f.7DB1804BBA6EF3CCACC3FEC1834134EC.d.D53BB24E8C046B0D0338E785E64B1FCF.e.73}]&#10;Capabilities {acceptInsecureCerts: false, browserName: chrome, browserVersion: 123.0.6312.86, chrome: {chromedriverVersion: 123.0.6312.86 (9b72c47a0536..., userDataDir: C:\Users\ANBURO~1\AppData\L...}, fedcm:accounts: true, goog:chromeOptions: {debuggerAddress: localhost:57746}, networkConnectionEnabled: false, pageLoadStrategy: normal, platformName: windows, proxy: Proxy(), se:cdp: ws://localhost:57746/devtoo..., se:cdpVersion: 123.0.6312.86, setWindowRect: true, strictFileInteractability: false, timeouts: {implicit: 0, pageLoad: 300000, script: 30000}, unhandledPromptBehavior: dismiss and notify, webauthn:extension:credBlob: true, webauthn:extension:largeBlob: true, webauthn:extension:minPinLength: true, webauthn:extension:prf: true, webauthn:virtualAuthenticators: true}&#10;Element: [[ChromeDriver: chrome on windows (b65809d962c0f9992fb31caf3cdac315)] -&gt; xpath: //a[text()=&quot;Create Account&quot;]]&#10;Session ID: b65809d962c0f9992fb31caf3cdac315" type="org.openqa.selenium.ElementClickInterceptedException"><![CDATA[org.openqa.selenium.ElementClickInterceptedException: 
element click intercepted: Element <a href="/identity/global/createAccount" data-track="Notification:...">Create Account</a> is not clickable at point (971, 408). Other element would receive the click: <div id="survey_blue_border" class="modal-dialog modal-custom">...</div>
  (Session info: chrome=123.0.6312.86)
Build info: version: '4.17.0', revision: 'e52b1be057*'
System info: os.name: 'Windows 10', os.arch: 'amd64', os.version: '10.0', java.version: '17.0.9'
Driver info: org.openqa.selenium.chrome.ChromeDriver
Command: [b65809d962c0f9992fb31caf3cdac315, clickElement {id=f.7DB1804BBA6EF3CCACC3FEC1834134EC.d.D53BB24E8C046B0D0338E785E64B1FCF.e.73}]
Capabilities {acceptInsecureCerts: false, browserName: chrome, browserVersion: 123.0.6312.86, chrome: {chromedriverVersion: 123.0.6312.86 (9b72c47a0536..., userDataDir: C:\Users\ANBURO~1\AppData\L...}, fedcm:accounts: true, goog:chromeOptions: {debuggerAddress: localhost:57746}, networkConnectionEnabled: false, pageLoadStrategy: normal, platformName: windows, proxy: Proxy(), se:cdp: ws://localhost:57746/devtoo..., se:cdpVersion: 123.0.6312.86, setWindowRect: true, strictFileInteractability: false, timeouts: {implicit: 0, pageLoad: 300000, script: 30000}, unhandledPromptBehavior: dismiss and notify, webauthn:extension:credBlob: true, webauthn:extension:largeBlob: true, webauthn:extension:minPinLength: true, webauthn:extension:prf: true, webauthn:virtualAuthenticators: true}
Element: [[ChromeDriver: chrome on windows (b65809d962c0f9992fb31caf3cdac315)] -> xpath: //a[text()="Create Account"]]
Session ID: b65809d962c0f9992fb31caf3cdac315
	at test.TC002_SignupPageTest.signup(TC002_SignupPageTest.java:26)
]]></failure>
    <system-err><![CDATA[Mar 28, 2024 3:11:55 PM org.openqa.selenium.devtools.CdpVersionFinder findNearestMatch
WARNING: Unable to find an exact match for CDP version 123, returning the closest version; found: 121; Please update to a Selenium version that supports CDP version 123
]]></system-err>
  </testcase>
  <testcase name="signup[`, Rose, anburose159@gmail.com, &amp;quot;Ten+one=11&amp;quot;, `, 9044282956](2)" classname="test.TC002_SignupPageTest" time="29.111">
    <system-err><![CDATA[Mar 28, 2024 3:12:25 PM org.openqa.selenium.devtools.CdpVersionFinder findNearestMatch
WARNING: Unable to find an exact match for CDP version 123, returning the closest version; found: 121; Please update to a Selenium version that supports CDP version 123
]]></system-err>
  </testcase>
  <testcase name="signup[Anbu, Rose, anburose159@gmail.com, &amp;quot;Ten+one=11&amp;quot;, &amp;quot;Ten+one=11&amp;quot;, 9043282956](3)" classname="test.TC002_SignupPageTest" time="25.421">
    <system-err><![CDATA[Mar 28, 2024 3:13:09 PM org.openqa.selenium.devtools.CdpVersionFinder findNearestMatch
WARNING: Unable to find an exact match for CDP version 123, returning the closest version; found: 121; Please update to a Selenium version that supports CDP version 123
]]></system-err>
  </testcase>
  <testcase name="signup[Anbu, Rose, anbu159@gmail.com, &amp;quot;Ten+one=11&amp;quot;, &amp;quot;Ten+one=11&amp;quot;, `](4)" classname="test.TC002_SignupPageTest" time="25.39">
    <system-err><![CDATA[Mar 28, 2024 3:13:40 PM org.openqa.selenium.devtools.CdpVersionFinder findNearestMatch
WARNING: Unable to find an exact match for CDP version 123, returning the closest version; found: 121; Please update to a Selenium version that supports CDP version 123
]]></system-err>
  </testcase>
  <testcase name="brokenURL" classname="test.TC003_BrokenURL" time="113.676">
    <system-out><![CDATA[148
https://www.bestbuy.com/?intl=nosplash#headerskip - is valid link
https://yardbird.com/ - is valid link
https://www.bestbuy.com/site/electronics/outlet-refurbished-clearance/pcmcat142300050026.c?id=pcmcat142300050026 - is valid link
https://www.bestbuy.com/site/electronics/bestbuy-business/pcmcat230900050001.c?id=pcmcat230900050001 - is valid link
https://www.bestbuy.com/services/triage/shopping - is valid link
https://www.bestbuy.com/ - is valid link
https://stores.bestbuy.com/1760 - is valid link
https://www.bestbuy.com/site/store-locator - is broken link
https://www.bestbuy.com/cart - is valid link
https://www.bestbuy.com/site/electronics/top-deals/pcmcat1563299784494.c?id=pcmcat1563299784494 - is valid link
]]></system-out>
    <system-err><![CDATA[Mar 28, 2024 3:14:12 PM org.openqa.selenium.devtools.CdpVersionFinder findNearestMatch
WARNING: Unable to find an exact match for CDP version 123, returning the closest version; found: 121; Please update to a Selenium version that supports CDP version 123
]]></system-err>
  </testcase>
  <testcase name="titleValidation" classname="test.TC004_TitleValidation" time="84.037">
    <system-out><![CDATA[Top Deals and Featured Offers on Electronics - Best Buy
Top deals page title validation success
Deal of the Day: Electronics Deals - Best Buy
Deal of the day page title validation success
Yes, Best Buy Sells That – Best Buy
Best by sell page title validation success
My Best Buy Memberships
Membership page title validation success
Best Buy Credit Card: Rewards & Financing
Credit Card page title validation success 
Gifts Cards and E-Gift Cards - Best Buy
Gift cards page validation success
Gift Ideas 2024: Best Gifts to Give This Year - Best Buy
Gift ideas page validation success
]]></system-out>
    <system-err><![CDATA[Mar 28, 2024 3:16:15 PM org.openqa.selenium.devtools.CdpVersionFinder findNearestMatch
WARNING: Unable to find an exact match for CDP version 123, returning the closest version; found: 121; Please update to a Selenium version that supports CDP version 123
]]></system-err>
  </testcase>
  <testcase name="bottomURL" classname="test.TC005_BottomURLValidation" time="41.079">
    <system-out><![CDATA[https://www.bestbuy.com/site/help-topics/accessibility/pcmcat1496336482680.c?id=pcmcat1496336482680
Accessibility bottom link validation success
BestBuy.com Terms and Conditions
Terms and condition bottom link validation success
Privacy Policy Hub - Best Buy
Privacy bottom link validation success
]]></system-out>
    <system-err><![CDATA[Mar 28, 2024 3:17:46 PM org.openqa.selenium.devtools.CdpVersionFinder findNearestMatch
WARNING: Unable to find an exact match for CDP version 123, returning the closest version; found: 121; Please update to a Selenium version that supports CDP version 123
]]></system-err>
  </testcase>
  <testcase name="cart" classname="test.TC006_Cart" time="49.816">
    <failure message="element click intercepted: Element &lt;a href=&quot;/site/refrigerators/french-door-refrigerators/abcat0901004.c?id=abcat0901004&quot; data-track=&quot;[context:widgetType=flex,linkContent=...,linkRegion=Body,linkPlacement=c2w1]&quot; class=&quot;flex-link&quot;&gt;French door refrigerators&lt;/a&gt; is not clickable at point (590, 567). Other element would receive the click: &lt;div id=&quot;survey_window&quot; class=&quot;modal fade modal-open in&quot; role=&quot;dialog&quot; style=&quot;margin-top: 170px; display: block;&quot;&gt;...&lt;/div&gt;&#10;  (Session info: chrome=123.0.6312.86)&#10;Build info: version: &apos;4.17.0&apos;, revision: &apos;e52b1be057*&apos;&#10;System info: os.name: &apos;Windows 10&apos;, os.arch: &apos;amd64&apos;, os.version: &apos;10.0&apos;, java.version: &apos;17.0.9&apos;&#10;Driver info: org.openqa.selenium.chrome.ChromeDriver&#10;Command: [8ff67915be194b18b49a7b024aa066c3, clickElement {id=f.D0A9C9A2B9F2BC83BBCDA0D782C7F385.d.8446CA884BC4DD53CB3890823ED0C63C.e.419}]&#10;Capabilities {acceptInsecureCerts: false, browserName: chrome, browserVersion: 123.0.6312.86, chrome: {chromedriverVersion: 123.0.6312.86 (9b72c47a0536..., userDataDir: C:\Users\ANBURO~1\AppData\L...}, fedcm:accounts: true, goog:chromeOptions: {debuggerAddress: localhost:59238}, networkConnectionEnabled: false, pageLoadStrategy: normal, platformName: windows, proxy: Proxy(), se:cdp: ws://localhost:59238/devtoo..., se:cdpVersion: 123.0.6312.86, setWindowRect: true, strictFileInteractability: false, timeouts: {implicit: 0, pageLoad: 300000, script: 30000}, unhandledPromptBehavior: dismiss and notify, webauthn:extension:credBlob: true, webauthn:extension:largeBlob: true, webauthn:extension:minPinLength: true, webauthn:extension:prf: true, webauthn:virtualAuthenticators: true}&#10;Element: [[ChromeDriver: chrome on windows (8ff67915be194b18b49a7b024aa066c3)] -&gt; xpath: (//a[text()=&quot;French door refrigerators&quot;])[1]]&#10;Session ID: 8ff67915be194b18b49a7b024aa066c3" type="org.openqa.selenium.ElementClickInterceptedException"><![CDATA[org.openqa.selenium.ElementClickInterceptedException: 
element click intercepted: Element <a href="/site/refrigerators/french-door-refrigerators/abcat0901004.c?id=abcat0901004" data-track="[context:widgetType=flex,linkContent=...,linkRegion=Body,linkPlacement=c2w1]" class="flex-link">French door refrigerators</a> is not clickable at point (590, 567). Other element would receive the click: <div id="survey_window" class="modal fade modal-open in" role="dialog" style="margin-top: 170px; display: block;">...</div>
  (Session info: chrome=123.0.6312.86)
Build info: version: '4.17.0', revision: 'e52b1be057*'
System info: os.name: 'Windows 10', os.arch: 'amd64', os.version: '10.0', java.version: '17.0.9'
Driver info: org.openqa.selenium.chrome.ChromeDriver
Command: [8ff67915be194b18b49a7b024aa066c3, clickElement {id=f.D0A9C9A2B9F2BC83BBCDA0D782C7F385.d.8446CA884BC4DD53CB3890823ED0C63C.e.419}]
Capabilities {acceptInsecureCerts: false, browserName: chrome, browserVersion: 123.0.6312.86, chrome: {chromedriverVersion: 123.0.6312.86 (9b72c47a0536..., userDataDir: C:\Users\ANBURO~1\AppData\L...}, fedcm:accounts: true, goog:chromeOptions: {debuggerAddress: localhost:59238}, networkConnectionEnabled: false, pageLoadStrategy: normal, platformName: windows, proxy: Proxy(), se:cdp: ws://localhost:59238/devtoo..., se:cdpVersion: 123.0.6312.86, setWindowRect: true, strictFileInteractability: false, timeouts: {implicit: 0, pageLoad: 300000, script: 30000}, unhandledPromptBehavior: dismiss and notify, webauthn:extension:credBlob: true, webauthn:extension:largeBlob: true, webauthn:extension:minPinLength: true, webauthn:extension:prf: true, webauthn:virtualAuthenticators: true}
Element: [[ChromeDriver: chrome on windows (8ff67915be194b18b49a7b024aa066c3)] -> xpath: (//a[text()="French door refrigerators"])[1]]
Session ID: 8ff67915be194b18b49a7b024aa066c3
	at test.TC006_Cart.cart(TC006_Cart.java:18)
]]></failure>
    <system-err><![CDATA[Mar 28, 2024 3:18:35 PM org.openqa.selenium.devtools.CdpVersionFinder findNearestMatch
WARNING: Unable to find an exact match for CDP version 123, returning the closest version; found: 121; Please update to a Selenium version that supports CDP version 123
]]></system-err>
  </testcase>
</testsuite>