<?xml version="1.0" encoding="UTF-8"?>
<testng-results ignored="0" total="4" passed="4" failed="0" skipped="0">
  <reporter-output>
  </reporter-output>
  <suite started-at="2024-03-28T13:42:02 IST" name="Default suite" finished-at="2024-03-28T13:44:30 IST" duration-ms="147601">
    <groups>
    </groups>
    <test started-at="2024-03-28T13:42:02 IST" name="Default test" finished-at="2024-03-28T13:44:30 IST" duration-ms="147601">
      <class name="test.TC002_SignupPageTest">
        <test-method is-config="true" signature="setup()[pri:0, instance:test.TC002_SignupPageTest@35e2d654]" started-at="2024-03-28T13:42:02 IST" name="setup" finished-at="2024-03-28T13:42:02 IST" duration-ms="18" status="PASS">
          <reporter-output>
          </reporter-output>
        </test-method> <!-- setup -->
        <test-method is-config="true" signature="launchBrowser()[pri:0, instance:test.TC002_SignupPageTest@35e2d654]" started-at="2024-03-28T13:42:04 IST" name="launchBrowser" finished-at="2024-03-28T13:42:11 IST" duration-ms="7159" status="PASS">
          <reporter-output>
          </reporter-output>
        </test-method> <!-- launchBrowser -->
        <test-method signature="signup(java.lang.String,java.lang.String,java.lang.String,java.lang.String,java.lang.String,java.lang.String)[pri:0, instance:test.TC002_SignupPageTest@35e2d654]" started-at="2024-03-28T13:42:11 IST" name="signup" data-provider="excelData" finished-at="2024-03-28T13:42:48 IST" duration-ms="36152" status="PASS">
          <params>
            <param index="0">
              <value>
                <![CDATA[Anbu]]>
              </value>
            </param>
            <param index="1">
              <value>
                <![CDATA[Rose]]>
              </value>
            </param>
            <param index="2">
              <value>
                <![CDATA[anburose159@gmail.com]]>
              </value>
            </param>
            <param index="3">
              <value>
                <![CDATA[&quot;Ten+one=11&quot;]]>
              </value>
            </param>
            <param index="4">
              <value>
                <![CDATA[&quot;Ten+one=11&quot;]]>
              </value>
            </param>
            <param index="5">
              <value>
                <![CDATA[9043282956]]>
              </value>
            </param>
          </params>
          <reporter-output>
          </reporter-output>
        </test-method> <!-- signup -->
        <test-method is-config="true" signature="browserClose()[pri:0, instance:test.TC002_SignupPageTest@35e2d654]" started-at="2024-03-28T13:42:48 IST" name="browserClose" finished-at="2024-03-28T13:42:48 IST" duration-ms="0" status="PASS">
          <reporter-output>
          </reporter-output>
        </test-method> <!-- browserClose -->
        <test-method is-config="true" signature="launchBrowser()[pri:0, instance:test.TC002_SignupPageTest@35e2d654]" started-at="2024-03-28T13:42:48 IST" name="launchBrowser" finished-at="2024-03-28T13:42:53 IST" duration-ms="5743" status="PASS">
          <reporter-output>
          </reporter-output>
        </test-method> <!-- launchBrowser -->
        <test-method signature="signup(java.lang.String,java.lang.String,java.lang.String,java.lang.String,java.lang.String,java.lang.String)[pri:0, instance:test.TC002_SignupPageTest@35e2d654]" started-at="2024-03-28T13:42:53 IST" name="signup" data-provider="excelData" finished-at="2024-03-28T13:43:15 IST" duration-ms="21817" status="PASS">
          <params>
            <param index="0">
              <value>
                <![CDATA[`]]>
              </value>
            </param>
            <param index="1">
              <value>
                <![CDATA[Rose]]>
              </value>
            </param>
            <param index="2">
              <value>
                <![CDATA[anburose159@gmail.com]]>
              </value>
            </param>
            <param index="3">
              <value>
                <![CDATA[&quot;Ten+one=11&quot;]]>
              </value>
            </param>
            <param index="4">
              <value>
                <![CDATA[`]]>
              </value>
            </param>
            <param index="5">
              <value>
                <![CDATA[9044282956]]>
              </value>
            </param>
          </params>
          <reporter-output>
          </reporter-output>
        </test-method> <!-- signup -->
        <test-method is-config="true" signature="browserClose()[pri:0, instance:test.TC002_SignupPageTest@35e2d654]" started-at="2024-03-28T13:43:15 IST" name="browserClose" finished-at="2024-03-28T13:43:15 IST" duration-ms="1" status="PASS">
          <reporter-output>
          </reporter-output>
        </test-method> <!-- browserClose -->
        <test-method is-config="true" signature="launchBrowser()[pri:0, instance:test.TC002_SignupPageTest@35e2d654]" started-at="2024-03-28T13:43:15 IST" name="launchBrowser" finished-at="2024-03-28T13:43:23 IST" duration-ms="7650" status="PASS">
          <reporter-output>
          </reporter-output>
        </test-method> <!-- launchBrowser -->
        <test-method signature="signup(java.lang.String,java.lang.String,java.lang.String,java.lang.String,java.lang.String,java.lang.String)[pri:0, instance:test.TC002_SignupPageTest@35e2d654]" started-at="2024-03-28T13:43:23 IST" name="signup" data-provider="excelData" finished-at="2024-03-28T13:43:53 IST" duration-ms="30078" status="PASS">
          <params>
            <param index="0">
              <value>
                <![CDATA[Anbu]]>
              </value>
            </param>
            <param index="1">
              <value>
                <![CDATA[Rose]]>
              </value>
            </param>
            <param index="2">
              <value>
                <![CDATA[anburose159@gmail.com]]>
              </value>
            </param>
            <param index="3">
              <value>
                <![CDATA[&quot;Ten+one=11&quot;]]>
              </value>
            </param>
            <param index="4">
              <value>
                <![CDATA[&quot;Ten+one=11&quot;]]>
              </value>
            </param>
            <param index="5">
              <value>
                <![CDATA[9043282956]]>
              </value>
            </param>
          </params>
          <reporter-output>
          </reporter-output>
        </test-method> <!-- signup -->
        <test-method is-config="true" signature="browserClose()[pri:0, instance:test.TC002_SignupPageTest@35e2d654]" started-at="2024-03-28T13:43:53 IST" name="browserClose" finished-at="2024-03-28T13:43:53 IST" duration-ms="2" status="PASS">
          <reporter-output>
          </reporter-output>
        </test-method> <!-- browserClose -->
        <test-method is-config="true" signature="launchBrowser()[pri:0, instance:test.TC002_SignupPageTest@35e2d654]" started-at="2024-03-28T13:43:53 IST" name="launchBrowser" finished-at="2024-03-28T13:44:00 IST" duration-ms="7018" status="PASS">
          <reporter-output>
          </reporter-output>
        </test-method> <!-- launchBrowser -->
        <test-method signature="signup(java.lang.String,java.lang.String,java.lang.String,java.lang.String,java.lang.String,java.lang.String)[pri:0, instance:test.TC002_SignupPageTest@35e2d654]" started-at="2024-03-28T13:44:00 IST" name="signup" data-provider="excelData" finished-at="2024-03-28T13:44:30 IST" duration-ms="30096" status="PASS">
          <params>
            <param index="0">
              <value>
                <![CDATA[Anbu]]>
              </value>
            </param>
            <param index="1">
              <value>
                <![CDATA[Rose]]>
              </value>
            </param>
            <param index="2">
              <value>
                <![CDATA[anbu159@gmail.com]]>
              </value>
            </param>
            <param index="3">
              <value>
                <![CDATA[&quot;Ten+one=11&quot;]]>
              </value>
            </param>
            <param index="4">
              <value>
                <![CDATA[&quot;Ten+one=11&quot;]]>
              </value>
            </param>
            <param index="5">
              <value>
                <![CDATA[`]]>
              </value>
            </param>
          </params>
          <reporter-output>
          </reporter-output>
        </test-method> <!-- signup -->
        <test-method is-config="true" signature="browserClose()[pri:0, instance:test.TC002_SignupPageTest@35e2d654]" started-at="2024-03-28T13:44:30 IST" name="browserClose" finished-at="2024-03-28T13:44:30 IST" duration-ms="5" status="PASS">
          <reporter-output>
          </reporter-output>
        </test-method> <!-- browserClose -->
      </class> <!-- test.TC002_SignupPageTest -->
    </test> <!-- Default test -->
  </suite> <!-- Default suite -->
</testng-results>
